The system is: Linux - 3.8.0-41-generic - i686
Compiling the CXX compiler identification source file "CMakeCXXCompilerId.cpp" succeeded.
Compiler: /usr/bin/c++ 
Build flags: 
Id flags: 

The output was:
0


Compilation of the CXX compiler identification source "CMakeCXXCompilerId.cpp" produced "a.out"

The CXX compiler identification is GNU, found in "/home/bbb/robot/opencv-3.0.0/build/CMakeFiles/2.8.12.2/CompilerIdCXX/a.out"

Compiling the C compiler identification source file "CMakeCCompilerId.c" succeeded.
Compiler: /usr/bin/cc 
Build flags: 
Id flags: 

The output was:
0


Compilation of the C compiler identification source "CMakeCCompilerId.c" produced "a.out"

The C compiler identification is GNU, found in "/home/bbb/robot/opencv-3.0.0/build/CMakeFiles/2.8.12.2/CompilerIdC/a.out"

Determining if the CXX compiler works passed with the following output:
Change Dir: /home/bbb/robot/opencv-3.0.0/build/CMakeFiles/CMakeTmp

Run Build Command:/usr/bin/make "cmTryCompileExec1188468640/fast"
/usr/bin/make -f CMakeFiles/cmTryCompileExec1188468640.dir/build.make CMakeFiles/cmTryCompileExec1188468640.dir/build
make[1]: Entering directory `/home/bbb/robot/opencv-3.0.0/build/CMakeFiles/CMakeTmp'
/usr/bin/cmake -E cmake_progress_report /home/bbb/robot/opencv-3.0.0/build/CMakeFiles/CMakeTmp/CMakeFiles 1
Building CXX object CMakeFiles/cmTryCompileExec1188468640.dir/testCXXCompiler.cxx.o
/usr/bin/c++     -o CMakeFiles/cmTryCompileExec1188468640.dir/testCXXCompiler.cxx.o -c /home/bbb/robot/opencv-3.0.0/build/CMakeFiles/CMakeTmp/testCXXCompiler.cxx
Linking CXX executable cmTryCompileExec1188468640
/usr/bin/cmake -E cmake_link_script CMakeFiles/cmTryCompileExec1188468640.dir/link.txt --verbose=1
/usr/bin/c++        CMakeFiles/cmTryCompileExec1188468640.dir/testCXXCompiler.cxx.o  -o cmTryCompileExec1188468640 -rdynamic 
make[1]: Leaving directory `/home/bbb/robot/opencv-3.0.0/build/CMakeFiles/CMakeTmp'


Detecting CXX compiler ABI info compiled with the following output:
Change Dir: /home/bbb/robot/opencv-3.0.0/build/CMakeFiles/CMakeTmp

Run Build Command:/usr/bin/make "cmTryCompileExec95603767/fast"
/usr/bin/make -f CMakeFiles/cmTryCompileExec95603767.dir/build.make CMakeFiles/cmTryCompileExec95603767.dir/build
make[1]: Entering directory `/home/bbb/robot/opencv-3.0.0/build/CMakeFiles/CMakeTmp'
/usr/bin/cmake -E cmake_progress_report /home/bbb/robot/opencv-3.0.0/build/CMakeFiles/CMakeTmp/CMakeFiles 1
Building CXX object CMakeFiles/cmTryCompileExec95603767.dir/CMakeCXXCompilerABI.cpp.o
/usr/bin/c++     -o CMakeFiles/cmTryCompileExec95603767.dir/CMakeCXXCompilerABI.cpp.o -c /usr/share/cmake-2.8/Modules/CMakeCXXCompilerABI.cpp
Linking CXX executable cmTryCompileExec95603767
/usr/bin/cmake -E cmake_link_script CMakeFiles/cmTryCompileExec95603767.dir/link.txt --verbose=1
/usr/bin/c++      -v CMakeFiles/cmTryCompileExec95603767.dir/CMakeCXXCompilerABI.cpp.o  -o cmTryCompileExec95603767 -rdynamic  
Using built-in specs.
COLLECT_GCC=/usr/bin/c++
COLLECT_LTO_WRAPPER=/usr/lib/gcc/i686-linux-gnu/4.8/lto-wrapper
Target: i686-linux-gnu
Configured with: ../src/configure -v --with-pkgversion='Ubuntu 4.8.4-2ubuntu1~14.04' --with-bugurl=file:///usr/share/doc/gcc-4.8/README.Bugs --enable-languages=c,c++,java,go,d,fortran,objc,obj-c++ --prefix=/usr --program-suffix=-4.8 --enable-shared --enable-linker-build-id --libexecdir=/usr/lib --without-included-gettext --enable-threads=posix --with-gxx-include-dir=/usr/include/c++/4.8 --libdir=/usr/lib --enable-nls --with-sysroot=/ --enable-clocale=gnu --enable-libstdcxx-debug --enable-libstdcxx-time=yes --enable-gnu-unique-object --disable-libmudflap --enable-plugin --with-system-zlib --disable-browser-plugin --enable-java-awt=gtk --enable-gtk-cairo --with-java-home=/usr/lib/jvm/java-1.5.0-gcj-4.8-i386/jre --enable-java-home --with-jvm-root-dir=/usr/lib/jvm/java-1.5.0-gcj-4.8-i386 --with-jvm-jar-dir=/usr/lib/jvm-exports/java-1.5.0-gcj-4.8-i386 --with-arch-directory=i386 --with-ecj-jar=/usr/share/java/eclipse-ecj.jar --enable-objc-gc --enable-targets=all --enable-multiarch --disable-werror --with-arch-32=i686 --with-multilib-list=m32,m64,mx32 --with-tune=generic --enable-checking=release --build=i686-linux-gnu --host=i686-linux-gnu --target=i686-linux-gnu
Thread model: posix
gcc version 4.8.4 (Ubuntu 4.8.4-2ubuntu1~14.04) 
COMPILER_PATH=/usr/lib/gcc/i686-linux-gnu/4.8/:/usr/lib/gcc/i686-linux-gnu/4.8/:/usr/lib/gcc/i686-linux-gnu/:/usr/lib/gcc/i686-linux-gnu/4.8/:/usr/lib/gcc/i686-linux-gnu/
LIBRARY_PATH=/usr/lib/gcc/i686-linux-gnu/4.8/:/usr/lib/gcc/i686-linux-gnu/4.8/../../../i386-linux-gnu/:/usr/lib/gcc/i686-linux-gnu/4.8/../../../../lib/:/lib/i386-linux-gnu/:/lib/../lib/:/usr/lib/i386-linux-gnu/:/usr/lib/../lib/:/usr/lib/gcc/i686-linux-gnu/4.8/../../../:/lib/:/usr/lib/
COLLECT_GCC_OPTIONS='-v' '-o' 'cmTryCompileExec95603767' '-rdynamic' '-shared-libgcc' '-mtune=generic' '-march=i686'
 /usr/lib/gcc/i686-linux-gnu/4.8/collect2 --sysroot=/ --build-id --eh-frame-hdr -m elf_i386 --hash-style=gnu --as-needed -export-dynamic -dynamic-linker /lib/ld-linux.so.2 -z relro -o cmTryCompileExec95603767 /usr/lib/gcc/i686-linux-gnu/4.8/../../../i386-linux-gnu/crt1.o /usr/lib/gcc/i686-linux-gnu/4.8/../../../i386-linux-gnu/crti.o /usr/lib/gcc/i686-linux-gnu/4.8/crtbegin.o -L/usr/lib/gcc/i686-linux-gnu/4.8 -L/usr/lib/gcc/i686-linux-gnu/4.8/../../../i386-linux-gnu -L/usr/lib/gcc/i686-linux-gnu/4.8/../../../../lib -L/lib/i386-linux-gnu -L/lib/../lib -L/usr/lib/i386-linux-gnu -L/usr/lib/../lib -L/usr/lib/gcc/i686-linux-gnu/4.8/../../.. CMakeFiles/cmTryCompileExec95603767.dir/CMakeCXXCompilerABI.cpp.o -lstdc++ -lm -lgcc_s -lgcc -lc -lgcc_s -lgcc /usr/lib/gcc/i686-linux-gnu/4.8/crtend.o /usr/lib/gcc/i686-linux-gnu/4.8/../../../i386-linux-gnu/crtn.o
make[1]: Leaving directory `/home/bbb/robot/opencv-3.0.0/build/CMakeFiles/CMakeTmp'


Parsed CXX implicit link information from above output:
  link line regex: [^( *|.*[/\])(ld|([^/\]+-)?ld|collect2)[^/\]*( |$)]
  ignore line: [Change Dir: /home/bbb/robot/opencv-3.0.0/build/CMakeFiles/CMakeTmp]
  ignore line: []
  ignore line: [Run Build Command:/usr/bin/make "cmTryCompileExec95603767/fast"]
  ignore line: [/usr/bin/make -f CMakeFiles/cmTryCompileExec95603767.dir/build.make CMakeFiles/cmTryCompileExec95603767.dir/build]
  ignore line: [make[1]: Entering directory `/home/bbb/robot/opencv-3.0.0/build/CMakeFiles/CMakeTmp']
  ignore line: [/usr/bin/cmake -E cmake_progress_report /home/bbb/robot/opencv-3.0.0/build/CMakeFiles/CMakeTmp/CMakeFiles 1]
  ignore line: [Building CXX object CMakeFiles/cmTryCompileExec95603767.dir/CMakeCXXCompilerABI.cpp.o]
  ignore line: [/usr/bin/c++     -o CMakeFiles/cmTryCompileExec95603767.dir/CMakeCXXCompilerABI.cpp.o -c /usr/share/cmake-2.8/Modules/CMakeCXXCompilerABI.cpp]
  ignore line: [Linking CXX executable cmTryCompileExec95603767]
  ignore line: [/usr/bin/cmake -E cmake_link_script CMakeFiles/cmTryCompileExec95603767.dir/link.txt --verbose=1]
  ignore line: [/usr/bin/c++      -v CMakeFiles/cmTryCompileExec95603767.dir/CMakeCXXCompilerABI.cpp.o  -o cmTryCompileExec95603767 -rdynamic  ]
  ignore line: [Using built-in specs.]
  ignore line: [COLLECT_GCC=/usr/bin/c++]
  ignore line: [COLLECT_LTO_WRAPPER=/usr/lib/gcc/i686-linux-gnu/4.8/lto-wrapper]
  ignore line: [Target: i686-linux-gnu]
  ignore line: [Configured with: ../src/configure -v --with-pkgversion='Ubuntu 4.8.4-2ubuntu1~14.04' --with-bugurl=file:///usr/share/doc/gcc-4.8/README.Bugs --enable-languages=c,c++,java,go,d,fortran,objc,obj-c++ --prefix=/usr --program-suffix=-4.8 --enable-shared --enable-linker-build-id --libexecdir=/usr/lib --without-included-gettext --enable-threads=posix --with-gxx-include-dir=/usr/include/c++/4.8 --libdir=/usr/lib --enable-nls --with-sysroot=/ --enable-clocale=gnu --enable-libstdcxx-debug --enable-libstdcxx-time=yes --enable-gnu-unique-object --disable-libmudflap --enable-plugin --with-system-zlib --disable-browser-plugin --enable-java-awt=gtk --enable-gtk-cairo --with-java-home=/usr/lib/jvm/java-1.5.0-gcj-4.8-i386/jre --enable-java-home --with-jvm-root-dir=/usr/lib/jvm/java-1.5.0-gcj-4.8-i386 --with-jvm-jar-dir=/usr/lib/jvm-exports/java-1.5.0-gcj-4.8-i386 --with-arch-directory=i386 --with-ecj-jar=/usr/share/java/eclipse-ecj.jar --enable-objc-gc --enable-targets=all --enable-multiarch --disable-werror --with-arch-32=i686 --with-multilib-list=m32,m64,mx32 --with-tune=generic --enable-checking=release --build=i686-linux-gnu --host=i686-linux-gnu --target=i686-linux-gnu]
  ignore line: [Thread model: posix]
  ignore line: [gcc version 4.8.4 (Ubuntu 4.8.4-2ubuntu1~14.04) ]
  ignore line: [COMPILER_PATH=/usr/lib/gcc/i686-linux-gnu/4.8/:/usr/lib/gcc/i686-linux-gnu/4.8/:/usr/lib/gcc/i686-linux-gnu/:/usr/lib/gcc/i686-linux-gnu/4.8/:/usr/lib/gcc/i686-linux-gnu/]
  ignore line: [LIBRARY_PATH=/usr/lib/gcc/i686-linux-gnu/4.8/:/usr/lib/gcc/i686-linux-gnu/4.8/../../../i386-linux-gnu/:/usr/lib/gcc/i686-linux-gnu/4.8/../../../../lib/:/lib/i386-linux-gnu/:/lib/../lib/:/usr/lib/i386-linux-gnu/:/usr/lib/../lib/:/usr/lib/gcc/i686-linux-gnu/4.8/../../../:/lib/:/usr/lib/]
  ignore line: [COLLECT_GCC_OPTIONS='-v' '-o' 'cmTryCompileExec95603767' '-rdynamic' '-shared-libgcc' '-mtune=generic' '-march=i686']
  link line: [ /usr/lib/gcc/i686-linux-gnu/4.8/collect2 --sysroot=/ --build-id --eh-frame-hdr -m elf_i386 --hash-style=gnu --as-needed -export-dynamic -dynamic-linker /lib/ld-linux.so.2 -z relro -o cmTryCompileExec95603767 /usr/lib/gcc/i686-linux-gnu/4.8/../../../i386-linux-gnu/crt1.o /usr/lib/gcc/i686-linux-gnu/4.8/../../../i386-linux-gnu/crti.o /usr/lib/gcc/i686-linux-gnu/4.8/crtbegin.o -L/usr/lib/gcc/i686-linux-gnu/4.8 -L/usr/lib/gcc/i686-linux-gnu/4.8/../../../i386-linux-gnu -L/usr/lib/gcc/i686-linux-gnu/4.8/../../../../lib -L/lib/i386-linux-gnu -L/lib/../lib -L/usr/lib/i386-linux-gnu -L/usr/lib/../lib -L/usr/lib/gcc/i686-linux-gnu/4.8/../../.. CMakeFiles/cmTryCompileExec95603767.dir/CMakeCXXCompilerABI.cpp.o -lstdc++ -lm -lgcc_s -lgcc -lc -lgcc_s -lgcc /usr/lib/gcc/i686-linux-gnu/4.8/crtend.o /usr/lib/gcc/i686-linux-gnu/4.8/../../../i386-linux-gnu/crtn.o]
    arg [/usr/lib/gcc/i686-linux-gnu/4.8/collect2] ==> ignore
    arg [--sysroot=/] ==> ignore
    arg [--build-id] ==> ignore
    arg [--eh-frame-hdr] ==> ignore
    arg [-m] ==> ignore
    arg [elf_i386] ==> ignore
    arg [--hash-style=gnu] ==> ignore
    arg [--as-needed] ==> ignore
    arg [-export-dynamic] ==> ignore
    arg [-dynamic-linker] ==> ignore
    arg [/lib/ld-linux.so.2] ==> ignore
    arg [-zrelro] ==> ignore
    arg [-o] ==> ignore
    arg [cmTryCompileExec95603767] ==> ignore
    arg [/usr/lib/gcc/i686-linux-gnu/4.8/../../../i386-linux-gnu/crt1.o] ==> ignore
    arg [/usr/lib/gcc/i686-linux-gnu/4.8/../../../i386-linux-gnu/crti.o] ==> ignore
    arg [/usr/lib/gcc/i686-linux-gnu/4.8/crtbegin.o] ==> ignore
    arg [-L/usr/lib/gcc/i686-linux-gnu/4.8] ==> dir [/usr/lib/gcc/i686-linux-gnu/4.8]
    arg [-L/usr/lib/gcc/i686-linux-gnu/4.8/../../../i386-linux-gnu] ==> dir [/usr/lib/gcc/i686-linux-gnu/4.8/../../../i386-linux-gnu]
    arg [-L/usr/lib/gcc/i686-linux-gnu/4.8/../../../../lib] ==> dir [/usr/lib/gcc/i686-linux-gnu/4.8/../../../../lib]
    arg [-L/lib/i386-linux-gnu] ==> dir [/lib/i386-linux-gnu]
    arg [-L/lib/../lib] ==> dir [/lib/../lib]
    arg [-L/usr/lib/i386-linux-gnu] ==> dir [/usr/lib/i386-linux-gnu]
    arg [-L/usr/lib/../lib] ==> dir [/usr/lib/../lib]
    arg [-L/usr/lib/gcc/i686-linux-gnu/4.8/../../..] ==> dir [/usr/lib/gcc/i686-linux-gnu/4.8/../../..]
    arg [CMakeFiles/cmTryCompileExec95603767.dir/CMakeCXXCompilerABI.cpp.o] ==> ignore
    arg [-lstdc++] ==> lib [stdc++]
    arg [-lm] ==> lib [m]
    arg [-lgcc_s] ==> lib [gcc_s]
    arg [-lgcc] ==> lib [gcc]
    arg [-lc] ==> lib [c]
    arg [-lgcc_s] ==> lib [gcc_s]
    arg [-lgcc] ==> lib [gcc]
    arg [/usr/lib/gcc/i686-linux-gnu/4.8/crtend.o] ==> ignore
    arg [/usr/lib/gcc/i686-linux-gnu/4.8/../../../i386-linux-gnu/crtn.o] ==> ignore
  remove lib [gcc_s]
  remove lib [gcc]
  remove lib [gcc_s]
  remove lib [gcc]
  collapse library dir [/usr/lib/gcc/i686-linux-gnu/4.8] ==> [/usr/lib/gcc/i686-linux-gnu/4.8]
  collapse library dir [/usr/lib/gcc/i686-linux-gnu/4.8/../../../i386-linux-gnu] ==> [/usr/lib/i386-linux-gnu]
  collapse library dir [/usr/lib/gcc/i686-linux-gnu/4.8/../../../../lib] ==> [/usr/lib]
  collapse library dir [/lib/i386-linux-gnu] ==> [/lib/i386-linux-gnu]
  collapse library dir [/lib/../lib] ==> [/lib]
  collapse library dir [/usr/lib/i386-linux-gnu] ==> [/usr/lib/i386-linux-gnu]
  collapse library dir [/usr/lib/../lib] ==> [/usr/lib]
  collapse library dir [/usr/lib/gcc/i686-linux-gnu/4.8/../../..] ==> [/usr/lib]
  implicit libs: [stdc++;m;c]
  implicit dirs: [/usr/lib/gcc/i686-linux-gnu/4.8;/usr/lib/i386-linux-gnu;/usr/lib;/lib/i386-linux-gnu;/lib]
  implicit fwks: []


Determining if the C compiler works passed with the following output:
Change Dir: /home/bbb/robot/opencv-3.0.0/build/CMakeFiles/CMakeTmp

Run Build Command:/usr/bin/make "cmTryCompileExec3105809084/fast"
/usr/bin/make -f CMakeFiles/cmTryCompileExec3105809084.dir/build.make CMakeFiles/cmTryCompileExec3105809084.dir/build
make[1]: Entering directory `/home/bbb/robot/opencv-3.0.0/build/CMakeFiles/CMakeTmp'
/usr/bin/cmake -E cmake_progress_report /home/bbb/robot/opencv-3.0.0/build/CMakeFiles/CMakeTmp/CMakeFiles 1
Building C object CMakeFiles/cmTryCompileExec3105809084.dir/testCCompiler.c.o
/usr/bin/cc    -o CMakeFiles/cmTryCompileExec3105809084.dir/testCCompiler.c.o   -c /home/bbb/robot/opencv-3.0.0/build/CMakeFiles/CMakeTmp/testCCompiler.c
Linking C executable cmTryCompileExec3105809084
/usr/bin/cmake -E cmake_link_script CMakeFiles/cmTryCompileExec3105809084.dir/link.txt --verbose=1
/usr/bin/cc       CMakeFiles/cmTryCompileExec3105809084.dir/testCCompiler.c.o  -o cmTryCompileExec3105809084 -rdynamic 
make[1]: Leaving directory `/home/bbb/robot/opencv-3.0.0/build/CMakeFiles/CMakeTmp'


Detecting C compiler ABI info compiled with the following output:
Change Dir: /home/bbb/robot/opencv-3.0.0/build/CMakeFiles/CMakeTmp

Run Build Command:/usr/bin/make "cmTryCompileExec2949559901/fast"
/usr/bin/make -f CMakeFiles/cmTryCompileExec2949559901.dir/build.make CMakeFiles/cmTryCompileExec2949559901.dir/build
make[1]: Entering directory `/home/bbb/robot/opencv-3.0.0/build/CMakeFiles/CMakeTmp'
/usr/bin/cmake -E cmake_progress_report /home/bbb/robot/opencv-3.0.0/build/CMakeFiles/CMakeTmp/CMakeFiles 1
Building C object CMakeFiles/cmTryCompileExec2949559901.dir/CMakeCCompilerABI.c.o
/usr/bin/cc    -o CMakeFiles/cmTryCompileExec2949559901.dir/CMakeCCompilerABI.c.o   -c /usr/share/cmake-2.8/Modules/CMakeCCompilerABI.c
Linking C executable cmTryCompileExec2949559901
/usr/bin/cmake -E cmake_link_script CMakeFiles/cmTryCompileExec2949559901.dir/link.txt --verbose=1
/usr/bin/cc     -v CMakeFiles/cmTryCompileExec2949559901.dir/CMakeCCompilerABI.c.o  -o cmTryCompileExec2949559901 -rdynamic  
Using built-in specs.
COLLECT_GCC=/usr/bin/cc
COLLECT_LTO_WRAPPER=/usr/lib/gcc/i686-linux-gnu/4.8/lto-wrapper
Target: i686-linux-gnu
Configured with: ../src/configure -v --with-pkgversion='Ubuntu 4.8.4-2ubuntu1~14.04' --with-bugurl=file:///usr/share/doc/gcc-4.8/README.Bugs --enable-languages=c,c++,java,go,d,fortran,objc,obj-c++ --prefix=/usr --program-suffix=-4.8 --enable-shared --enable-linker-build-id --libexecdir=/usr/lib --without-included-gettext --enable-threads=posix --with-gxx-include-dir=/usr/include/c++/4.8 --libdir=/usr/lib --enable-nls --with-sysroot=/ --enable-clocale=gnu --enable-libstdcxx-debug --enable-libstdcxx-time=yes --enable-gnu-unique-object --disable-libmudflap --enable-plugin --with-system-zlib --disable-browser-plugin --enable-java-awt=gtk --enable-gtk-cairo --with-java-home=/usr/lib/jvm/java-1.5.0-gcj-4.8-i386/jre --enable-java-home --with-jvm-root-dir=/usr/lib/jvm/java-1.5.0-gcj-4.8-i386 --with-jvm-jar-dir=/usr/lib/jvm-exports/java-1.5.0-gcj-4.8-i386 --with-arch-directory=i386 --with-ecj-jar=/usr/share/java/eclipse-ecj.jar --enable-objc-gc --enable-targets=all --enable-multiarch --disable-werror --with-arch-32=i686 --with-multilib-list=m32,m64,mx32 --with-tune=generic --enable-checking=release --build=i686-linux-gnu --host=i686-linux-gnu --target=i686-linux-gnu
Thread model: posix
gcc version 4.8.4 (Ubuntu 4.8.4-2ubuntu1~14.04) 
COMPILER_PATH=/usr/lib/gcc/i686-linux-gnu/4.8/:/usr/lib/gcc/i686-linux-gnu/4.8/:/usr/lib/gcc/i686-linux-gnu/:/usr/lib/gcc/i686-linux-gnu/4.8/:/usr/lib/gcc/i686-linux-gnu/
LIBRARY_PATH=/usr/lib/gcc/i686-linux-gnu/4.8/:/usr/lib/gcc/i686-linux-gnu/4.8/../../../i386-linux-gnu/:/usr/lib/gcc/i686-linux-gnu/4.8/../../../../lib/:/lib/i386-linux-gnu/:/lib/../lib/:/usr/lib/i386-linux-gnu/:/usr/lib/../lib/:/usr/lib/gcc/i686-linux-gnu/4.8/../../../:/lib/:/usr/lib/
COLLECT_GCC_OPTIONS='-v' '-o' 'cmTryCompileExec2949559901' '-rdynamic' '-mtune=generic' '-march=i686'
 /usr/lib/gcc/i686-linux-gnu/4.8/collect2 --sysroot=/ --build-id --eh-frame-hdr -m elf_i386 --hash-style=gnu --as-needed -export-dynamic -dynamic-linker /lib/ld-linux.so.2 -z relro -o cmTryCompileExec2949559901 /usr/lib/gcc/i686-linux-gnu/4.8/../../../i386-linux-gnu/crt1.o /usr/lib/gcc/i686-linux-gnu/4.8/../../../i386-linux-gnu/crti.o /usr/lib/gcc/i686-linux-gnu/4.8/crtbegin.o -L/usr/lib/gcc/i686-linux-gnu/4.8 -L/usr/lib/gcc/i686-linux-gnu/4.8/../../../i386-linux-gnu -L/usr/lib/gcc/i686-linux-gnu/4.8/../../../../lib -L/lib/i386-linux-gnu -L/lib/../lib -L/usr/lib/i386-linux-gnu -L/usr/lib/../lib -L/usr/lib/gcc/i686-linux-gnu/4.8/../../.. CMakeFiles/cmTryCompileExec2949559901.dir/CMakeCCompilerABI.c.o -lgcc --as-needed -lgcc_s --no-as-needed -lc -lgcc --as-needed -lgcc_s --no-as-needed /usr/lib/gcc/i686-linux-gnu/4.8/crtend.o /usr/lib/gcc/i686-linux-gnu/4.8/../../../i386-linux-gnu/crtn.o
make[1]: Leaving directory `/home/bbb/robot/opencv-3.0.0/build/CMakeFiles/CMakeTmp'


Parsed C implicit link information from above output:
  link line regex: [^( *|.*[/\])(ld|([^/\]+-)?ld|collect2)[^/\]*( |$)]
  ignore line: [Change Dir: /home/bbb/robot/opencv-3.0.0/build/CMakeFiles/CMakeTmp]
  ignore line: []
  ignore line: [Run Build Command:/usr/bin/make "cmTryCompileExec2949559901/fast"]
  ignore line: [/usr/bin/make -f CMakeFiles/cmTryCompileExec2949559901.dir/build.make CMakeFiles/cmTryCompileExec2949559901.dir/build]
  ignore line: [make[1]: Entering directory `/home/bbb/robot/opencv-3.0.0/build/CMakeFiles/CMakeTmp']
  ignore line: [/usr/bin/cmake -E cmake_progress_report /home/bbb/robot/opencv-3.0.0/build/CMakeFiles/CMakeTmp/CMakeFiles 1]
  ignore line: [Building C object CMakeFiles/cmTryCompileExec2949559901.dir/CMakeCCompilerABI.c.o]
  ignore line: [/usr/bin/cc    -o CMakeFiles/cmTryCompileExec2949559901.dir/CMakeCCompilerABI.c.o   -c /usr/share/cmake-2.8/Modules/CMakeCCompilerABI.c]
  ignore line: [Linking C executable cmTryCompileExec2949559901]
  ignore line: [/usr/bin/cmake -E cmake_link_script CMakeFiles/cmTryCompileExec2949559901.dir/link.txt --verbose=1]
  ignore line: [/usr/bin/cc     -v CMakeFiles/cmTryCompileExec2949559901.dir/CMakeCCompilerABI.c.o  -o cmTryCompileExec2949559901 -rdynamic  ]
  ignore line: [Using built-in specs.]
  ignore line: [COLLECT_GCC=/usr/bin/cc]
  ignore line: [COLLECT_LTO_WRAPPER=/usr/lib/gcc/i686-linux-gnu/4.8/lto-wrapper]
  ignore line: [Target: i686-linux-gnu]
  ignore line: [Configured with: ../src/configure -v --with-pkgversion='Ubuntu 4.8.4-2ubuntu1~14.04' --with-bugurl=file:///usr/share/doc/gcc-4.8/README.Bugs --enable-languages=c,c++,java,go,d,fortran,objc,obj-c++ --prefix=/usr --program-suffix=-4.8 --enable-shared --enable-linker-build-id --libexecdir=/usr/lib --without-included-gettext --enable-threads=posix --with-gxx-include-dir=/usr/include/c++/4.8 --libdir=/usr/lib --enable-nls --with-sysroot=/ --enable-clocale=gnu --enable-libstdcxx-debug --enable-libstdcxx-time=yes --enable-gnu-unique-object --disable-libmudflap --enable-plugin --with-system-zlib --disable-browser-plugin --enable-java-awt=gtk --enable-gtk-cairo --with-java-home=/usr/lib/jvm/java-1.5.0-gcj-4.8-i386/jre --enable-java-home --with-jvm-root-dir=/usr/lib/jvm/java-1.5.0-gcj-4.8-i386 --with-jvm-jar-dir=/usr/lib/jvm-exports/java-1.5.0-gcj-4.8-i386 --with-arch-directory=i386 --with-ecj-jar=/usr/share/java/eclipse-ecj.jar --enable-objc-gc --enable-targets=all --enable-multiarch --disable-werror --with-arch-32=i686 --with-multilib-list=m32,m64,mx32 --with-tune=generic --enable-checking=release --build=i686-linux-gnu --host=i686-linux-gnu --target=i686-linux-gnu]
  ignore line: [Thread model: posix]
  ignore line: [gcc version 4.8.4 (Ubuntu 4.8.4-2ubuntu1~14.04) ]
  ignore line: [COMPILER_PATH=/usr/lib/gcc/i686-linux-gnu/4.8/:/usr/lib/gcc/i686-linux-gnu/4.8/:/usr/lib/gcc/i686-linux-gnu/:/usr/lib/gcc/i686-linux-gnu/4.8/:/usr/lib/gcc/i686-linux-gnu/]
  ignore line: [LIBRARY_PATH=/usr/lib/gcc/i686-linux-gnu/4.8/:/usr/lib/gcc/i686-linux-gnu/4.8/../../../i386-linux-gnu/:/usr/lib/gcc/i686-linux-gnu/4.8/../../../../lib/:/lib/i386-linux-gnu/:/lib/../lib/:/usr/lib/i386-linux-gnu/:/usr/lib/../lib/:/usr/lib/gcc/i686-linux-gnu/4.8/../../../:/lib/:/usr/lib/]
  ignore line: [COLLECT_GCC_OPTIONS='-v' '-o' 'cmTryCompileExec2949559901' '-rdynamic' '-mtune=generic' '-march=i686']
  link line: [ /usr/lib/gcc/i686-linux-gnu/4.8/collect2 --sysroot=/ --build-id --eh-frame-hdr -m elf_i386 --hash-style=gnu --as-needed -export-dynamic -dynamic-linker /lib/ld-linux.so.2 -z relro -o cmTryCompileExec2949559901 /usr/lib/gcc/i686-linux-gnu/4.8/../../../i386-linux-gnu/crt1.o /usr/lib/gcc/i686-linux-gnu/4.8/../../../i386-linux-gnu/crti.o /usr/lib/gcc/i686-linux-gnu/4.8/crtbegin.o -L/usr/lib/gcc/i686-linux-gnu/4.8 -L/usr/lib/gcc/i686-linux-gnu/4.8/../../../i386-linux-gnu -L/usr/lib/gcc/i686-linux-gnu/4.8/../../../../lib -L/lib/i386-linux-gnu -L/lib/../lib -L/usr/lib/i386-linux-gnu -L/usr/lib/../lib -L/usr/lib/gcc/i686-linux-gnu/4.8/../../.. CMakeFiles/cmTryCompileExec2949559901.dir/CMakeCCompilerABI.c.o -lgcc --as-needed -lgcc_s --no-as-needed -lc -lgcc --as-needed -lgcc_s --no-as-needed /usr/lib/gcc/i686-linux-gnu/4.8/crtend.o /usr/lib/gcc/i686-linux-gnu/4.8/../../../i386-linux-gnu/crtn.o]
    arg [/usr/lib/gcc/i686-linux-gnu/4.8/collect2] ==> ignore
    arg [--sysroot=/] ==> ignore
    arg [--build-id] ==> ignore
    arg [--eh-frame-hdr] ==> ignore
    arg [-m] ==> ignore
    arg [elf_i386] ==> ignore
    arg [--hash-style=gnu] ==> ignore
    arg [--as-needed] ==> ignore
    arg [-export-dynamic] ==> ignore
    arg [-dynamic-linker] ==> ignore
    arg [/lib/ld-linux.so.2] ==> ignore
    arg [-zrelro] ==> ignore
    arg [-o] ==> ignore
    arg [cmTryCompileExec2949559901] ==> ignore
    arg [/usr/lib/gcc/i686-linux-gnu/4.8/../../../i386-linux-gnu/crt1.o] ==> ignore
    arg [/usr/lib/gcc/i686-linux-gnu/4.8/../../../i386-linux-gnu/crti.o] ==> ignore
    arg [/usr/lib/gcc/i686-linux-gnu/4.8/crtbegin.o] ==> ignore
    arg [-L/usr/lib/gcc/i686-linux-gnu/4.8] ==> dir [/usr/lib/gcc/i686-linux-gnu/4.8]
    arg [-L/usr/lib/gcc/i686-linux-gnu/4.8/../../../i386-linux-gnu] ==> dir [/usr/lib/gcc/i686-linux-gnu/4.8/../../../i386-linux-gnu]
    arg [-L/usr/lib/gcc/i686-linux-gnu/4.8/../../../../lib] ==> dir [/usr/lib/gcc/i686-linux-gnu/4.8/../../../../lib]
    arg [-L/lib/i386-linux-gnu] ==> dir [/lib/i386-linux-gnu]
    arg [-L/lib/../lib] ==> dir [/lib/../lib]
    arg [-L/usr/lib/i386-linux-gnu] ==> dir [/usr/lib/i386-linux-gnu]
    arg [-L/usr/lib/../lib] ==> dir [/usr/lib/../lib]
    arg [-L/usr/lib/gcc/i686-linux-gnu/4.8/../../..] ==> dir [/usr/lib/gcc/i686-linux-gnu/4.8/../../..]
    arg [CMakeFiles/cmTryCompileExec2949559901.dir/CMakeCCompilerABI.c.o] ==> ignore
    arg [-lgcc] ==> lib [gcc]
    arg [--as-needed] ==> ignore
    arg [-lgcc_s] ==> lib [gcc_s]
    arg [--no-as-needed] ==> ignore
    arg [-lc] ==> lib [c]
    arg [-lgcc] ==> lib [gcc]
    arg [--as-needed] ==> ignore
    arg [-lgcc_s] ==> lib [gcc_s]
    arg [--no-as-needed] ==> ignore
    arg [/usr/lib/gcc/i686-linux-gnu/4.8/crtend.o] ==> ignore
    arg [/usr/lib/gcc/i686-linux-gnu/4.8/../../../i386-linux-gnu/crtn.o] ==> ignore
  remove lib [gcc]
  remove lib [gcc_s]
  remove lib [gcc]
  remove lib [gcc_s]
  collapse library dir [/usr/lib/gcc/i686-linux-gnu/4.8] ==> [/usr/lib/gcc/i686-linux-gnu/4.8]
  collapse library dir [/usr/lib/gcc/i686-linux-gnu/4.8/../../../i386-linux-gnu] ==> [/usr/lib/i386-linux-gnu]
  collapse library dir [/usr/lib/gcc/i686-linux-gnu/4.8/../../../../lib] ==> [/usr/lib]
  collapse library dir [/lib/i386-linux-gnu] ==> [/lib/i386-linux-gnu]
  collapse library dir [/lib/../lib] ==> [/lib]
  collapse library dir [/usr/lib/i386-linux-gnu] ==> [/usr/lib/i386-linux-gnu]
  collapse library dir [/usr/lib/../lib] ==> [/usr/lib]
  collapse library dir [/usr/lib/gcc/i686-linux-gnu/4.8/../../..] ==> [/usr/lib]
  implicit libs: [c]
  implicit dirs: [/usr/lib/gcc/i686-linux-gnu/4.8;/usr/lib/i386-linux-gnu;/usr/lib;/lib/i386-linux-gnu;/lib]
  implicit fwks: []


Determining if the include file pthread.h exists passed with the following output:
Change Dir: /home/bbb/robot/opencv-3.0.0/build/CMakeFiles/CMakeTmp

Run Build Command:/usr/bin/make "cmTryCompileExec2094715646/fast"
/usr/bin/make -f CMakeFiles/cmTryCompileExec2094715646.dir/build.make CMakeFiles/cmTryCompileExec2094715646.dir/build
make[1]: Entering directory `/home/bbb/robot/opencv-3.0.0/build/CMakeFiles/CMakeTmp'
/usr/bin/cmake -E cmake_progress_report /home/bbb/robot/opencv-3.0.0/build/CMakeFiles/CMakeTmp/CMakeFiles 1
Building C object CMakeFiles/cmTryCompileExec2094715646.dir/CheckIncludeFile.c.o
/usr/bin/cc   -fsigned-char -W -Wall -Werror=return-type -Werror=non-virtual-dtor -Werror=address -Werror=sequence-point -Wformat -Werror=format-security -Wmissing-declarations -Wmissing-prototypes -Wstrict-prototypes -Wundef -Winit-self -Wpointer-arith -Wshadow -Wno-narrowing -fdiagnostics-show-option -pthread -march=i686 -fomit-frame-pointer -msse -msse2 -mno-avx -msse3 -mno-ssse3 -mno-sse4.1 -mno-sse4.2 -mfpmath=sse -ffunction-sections -fvisibility=hidden  -O3 -DNDEBUG   -o CMakeFiles/cmTryCompileExec2094715646.dir/CheckIncludeFile.c.o   -c /home/bbb/robot/opencv-3.0.0/build/CMakeFiles/CMakeTmp/CheckIncludeFile.c
Linking C executable cmTryCompileExec2094715646
/usr/bin/cmake -E cmake_link_script CMakeFiles/cmTryCompileExec2094715646.dir/link.txt --verbose=1
/usr/bin/cc     -fsigned-char -W -Wall -Werror=return-type -Werror=non-virtual-dtor -Werror=address -Werror=sequence-point -Wformat -Werror=format-security -Wmissing-declarations -Wmissing-prototypes -Wstrict-prototypes -Wundef -Winit-self -Wpointer-arith -Wshadow -Wno-narrowing -fdiagnostics-show-option -pthread -march=i686 -fomit-frame-pointer -msse -msse2 -mno-avx -msse3 -mno-ssse3 -mno-sse4.1 -mno-sse4.2 -mfpmath=sse -ffunction-sections -fvisibility=hidden  -O3 -DNDEBUG    CMakeFiles/cmTryCompileExec2094715646.dir/CheckIncludeFile.c.o  -o cmTryCompileExec2094715646 -rdynamic 
make[1]: Leaving directory `/home/bbb/robot/opencv-3.0.0/build/CMakeFiles/CMakeTmp'


Determining if the include file sys/types.h exists passed with the following output:
Change Dir: /home/bbb/robot/opencv-3.0.0/build/CMakeFiles/CMakeTmp

Run Build Command:/usr/bin/make "cmTryCompileExec591535206/fast"
/usr/bin/make -f CMakeFiles/cmTryCompileExec591535206.dir/build.make CMakeFiles/cmTryCompileExec591535206.dir/build
make[1]: Entering directory `/home/bbb/robot/opencv-3.0.0/build/CMakeFiles/CMakeTmp'
/usr/bin/cmake -E cmake_progress_report /home/bbb/robot/opencv-3.0.0/build/CMakeFiles/CMakeTmp/CMakeFiles 1
Building C object CMakeFiles/cmTryCompileExec591535206.dir/CheckIncludeFile.c.o
/usr/bin/cc   -fsigned-char -W -Wall -Werror=return-type -Werror=non-virtual-dtor -Werror=address -Werror=sequence-point -Wformat -Werror=format-security -Wmissing-declarations -Wmissing-prototypes -Wstrict-prototypes -Wundef -Winit-self -Wpointer-arith -Wshadow -Wno-narrowing -fdiagnostics-show-option -pthread -march=i686 -fomit-frame-pointer -msse -msse2 -mno-avx -msse3 -mno-ssse3 -mno-sse4.1 -mno-sse4.2 -mfpmath=sse -ffunction-sections -fvisibility=hidden  -O3 -DNDEBUG   -o CMakeFiles/cmTryCompileExec591535206.dir/CheckIncludeFile.c.o   -c /home/bbb/robot/opencv-3.0.0/build/CMakeFiles/CMakeTmp/CheckIncludeFile.c
Linking C executable cmTryCompileExec591535206
/usr/bin/cmake -E cmake_link_script CMakeFiles/cmTryCompileExec591535206.dir/link.txt --verbose=1
/usr/bin/cc     -fsigned-char -W -Wall -Werror=return-type -Werror=non-virtual-dtor -Werror=address -Werror=sequence-point -Wformat -Werror=format-security -Wmissing-declarations -Wmissing-prototypes -Wstrict-prototypes -Wundef -Winit-self -Wpointer-arith -Wshadow -Wno-narrowing -fdiagnostics-show-option -pthread -march=i686 -fomit-frame-pointer -msse -msse2 -mno-avx -msse3 -mno-ssse3 -mno-sse4.1 -mno-sse4.2 -mfpmath=sse -ffunction-sections -fvisibility=hidden  -O3 -DNDEBUG    CMakeFiles/cmTryCompileExec591535206.dir/CheckIncludeFile.c.o  -o cmTryCompileExec591535206 -rdynamic 
make[1]: Leaving directory `/home/bbb/robot/opencv-3.0.0/build/CMakeFiles/CMakeTmp'


Determining if the include file stdint.h exists passed with the following output:
Change Dir: /home/bbb/robot/opencv-3.0.0/build/CMakeFiles/CMakeTmp

Run Build Command:/usr/bin/make "cmTryCompileExec3386834122/fast"
/usr/bin/make -f CMakeFiles/cmTryCompileExec3386834122.dir/build.make CMakeFiles/cmTryCompileExec3386834122.dir/build
make[1]: Entering directory `/home/bbb/robot/opencv-3.0.0/build/CMakeFiles/CMakeTmp'
/usr/bin/cmake -E cmake_progress_report /home/bbb/robot/opencv-3.0.0/build/CMakeFiles/CMakeTmp/CMakeFiles 1
Building C object CMakeFiles/cmTryCompileExec3386834122.dir/CheckIncludeFile.c.o
/usr/bin/cc   -fsigned-char -W -Wall -Werror=return-type -Werror=non-virtual-dtor -Werror=address -Werror=sequence-point -Wformat -Werror=format-security -Wmissing-declarations -Wmissing-prototypes -Wstrict-prototypes -Wundef -Winit-self -Wpointer-arith -Wshadow -Wno-narrowing -fdiagnostics-show-option -pthread -march=i686 -fomit-frame-pointer -msse -msse2 -mno-avx -msse3 -mno-ssse3 -mno-sse4.1 -mno-sse4.2 -mfpmath=sse -ffunction-sections -fvisibility=hidden  -O3 -DNDEBUG   -o CMakeFiles/cmTryCompileExec3386834122.dir/CheckIncludeFile.c.o   -c /home/bbb/robot/opencv-3.0.0/build/CMakeFiles/CMakeTmp/CheckIncludeFile.c
Linking C executable cmTryCompileExec3386834122
/usr/bin/cmake -E cmake_link_script CMakeFiles/cmTryCompileExec3386834122.dir/link.txt --verbose=1
/usr/bin/cc     -fsigned-char -W -Wall -Werror=return-type -Werror=non-virtual-dtor -Werror=address -Werror=sequence-point -Wformat -Werror=format-security -Wmissing-declarations -Wmissing-prototypes -Wstrict-prototypes -Wundef -Winit-self -Wpointer-arith -Wshadow -Wno-narrowing -fdiagnostics-show-option -pthread -march=i686 -fomit-frame-pointer -msse -msse2 -mno-avx -msse3 -mno-ssse3 -mno-sse4.1 -mno-sse4.2 -mfpmath=sse -ffunction-sections -fvisibility=hidden  -O3 -DNDEBUG    CMakeFiles/cmTryCompileExec3386834122.dir/CheckIncludeFile.c.o  -o cmTryCompileExec3386834122 -rdynamic 
make[1]: Leaving directory `/home/bbb/robot/opencv-3.0.0/build/CMakeFiles/CMakeTmp'


Determining if the include file stddef.h exists passed with the following output:
Change Dir: /home/bbb/robot/opencv-3.0.0/build/CMakeFiles/CMakeTmp

Run Build Command:/usr/bin/make "cmTryCompileExec1621541330/fast"
/usr/bin/make -f CMakeFiles/cmTryCompileExec1621541330.dir/build.make CMakeFiles/cmTryCompileExec1621541330.dir/build
make[1]: Entering directory `/home/bbb/robot/opencv-3.0.0/build/CMakeFiles/CMakeTmp'
/usr/bin/cmake -E cmake_progress_report /home/bbb/robot/opencv-3.0.0/build/CMakeFiles/CMakeTmp/CMakeFiles 1
Building C object CMakeFiles/cmTryCompileExec1621541330.dir/CheckIncludeFile.c.o
/usr/bin/cc   -fsigned-char -W -Wall -Werror=return-type -Werror=non-virtual-dtor -Werror=address -Werror=sequence-point -Wformat -Werror=format-security -Wmissing-declarations -Wmissing-prototypes -Wstrict-prototypes -Wundef -Winit-self -Wpointer-arith -Wshadow -Wno-narrowing -fdiagnostics-show-option -pthread -march=i686 -fomit-frame-pointer -msse -msse2 -mno-avx -msse3 -mno-ssse3 -mno-sse4.1 -mno-sse4.2 -mfpmath=sse -ffunction-sections -fvisibility=hidden  -O3 -DNDEBUG   -o CMakeFiles/cmTryCompileExec1621541330.dir/CheckIncludeFile.c.o   -c /home/bbb/robot/opencv-3.0.0/build/CMakeFiles/CMakeTmp/CheckIncludeFile.c
Linking C executable cmTryCompileExec1621541330
/usr/bin/cmake -E cmake_link_script CMakeFiles/cmTryCompileExec1621541330.dir/link.txt --verbose=1
/usr/bin/cc     -fsigned-char -W -Wall -Werror=return-type -Werror=non-virtual-dtor -Werror=address -Werror=sequence-point -Wformat -Werror=format-security -Wmissing-declarations -Wmissing-prototypes -Wstrict-prototypes -Wundef -Winit-self -Wpointer-arith -Wshadow -Wno-narrowing -fdiagnostics-show-option -pthread -march=i686 -fomit-frame-pointer -msse -msse2 -mno-avx -msse3 -mno-ssse3 -mno-sse4.1 -mno-sse4.2 -mfpmath=sse -ffunction-sections -fvisibility=hidden  -O3 -DNDEBUG    CMakeFiles/cmTryCompileExec1621541330.dir/CheckIncludeFile.c.o  -o cmTryCompileExec1621541330 -rdynamic 
make[1]: Leaving directory `/home/bbb/robot/opencv-3.0.0/build/CMakeFiles/CMakeTmp'


Determining size of unsigned short passed with the following output:
Change Dir: /home/bbb/robot/opencv-3.0.0/build/CMakeFiles/CMakeTmp

Run Build Command:/usr/bin/make "cmTryCompileExec3419614891/fast"
/usr/bin/make -f CMakeFiles/cmTryCompileExec3419614891.dir/build.make CMakeFiles/cmTryCompileExec3419614891.dir/build
make[1]: Entering directory `/home/bbb/robot/opencv-3.0.0/build/CMakeFiles/CMakeTmp'
/usr/bin/cmake -E cmake_progress_report /home/bbb/robot/opencv-3.0.0/build/CMakeFiles/CMakeTmp/CMakeFiles 1
Building C object CMakeFiles/cmTryCompileExec3419614891.dir/CMAKE_SIZEOF_UNSIGNED_SHORT.c.o
/usr/bin/cc   -fsigned-char -W -Wall -Werror=return-type -Werror=non-virtual-dtor -Werror=address -Werror=sequence-point -Wformat -Werror=format-security -Wmissing-declarations -Wmissing-prototypes -Wstrict-prototypes -Wundef -Winit-self -Wpointer-arith -Wshadow -Wno-narrowing -fdiagnostics-show-option -pthread -march=i686 -fomit-frame-pointer -msse -msse2 -mno-avx -msse3 -mno-ssse3 -mno-sse4.1 -mno-sse4.2 -mfpmath=sse -ffunction-sections -fvisibility=hidden  -O3 -DNDEBUG   -o CMakeFiles/cmTryCompileExec3419614891.dir/CMAKE_SIZEOF_UNSIGNED_SHORT.c.o   -c /home/bbb/robot/opencv-3.0.0/build/CMakeFiles/CheckTypeSize/CMAKE_SIZEOF_UNSIGNED_SHORT.c
Linking C executable cmTryCompileExec3419614891
/usr/bin/cmake -E cmake_link_script CMakeFiles/cmTryCompileExec3419614891.dir/link.txt --verbose=1
/usr/bin/cc     -fsigned-char -W -Wall -Werror=return-type -Werror=non-virtual-dtor -Werror=address -Werror=sequence-point -Wformat -Werror=format-security -Wmissing-declarations -Wmissing-prototypes -Wstrict-prototypes -Wundef -Winit-self -Wpointer-arith -Wshadow -Wno-narrowing -fdiagnostics-show-option -pthread -march=i686 -fomit-frame-pointer -msse -msse2 -mno-avx -msse3 -mno-ssse3 -mno-sse4.1 -mno-sse4.2 -mfpmath=sse -ffunction-sections -fvisibility=hidden  -O3 -DNDEBUG    CMakeFiles/cmTryCompileExec3419614891.dir/CMAKE_SIZEOF_UNSIGNED_SHORT.c.o  -o cmTryCompileExec3419614891 -rdynamic 
make[1]: Leaving directory `/home/bbb/robot/opencv-3.0.0/build/CMakeFiles/CMakeTmp'


Determining if the include file assert.h exists passed with the following output:
Change Dir: /home/bbb/robot/opencv-3.0.0/build/CMakeFiles/CMakeTmp

Run Build Command:/usr/bin/make "cmTryCompileExec3942566428/fast"
/usr/bin/make -f CMakeFiles/cmTryCompileExec3942566428.dir/build.make CMakeFiles/cmTryCompileExec3942566428.dir/build
make[1]: Entering directory `/home/bbb/robot/opencv-3.0.0/build/CMakeFiles/CMakeTmp'
/usr/bin/cmake -E cmake_progress_report /home/bbb/robot/opencv-3.0.0/build/CMakeFiles/CMakeTmp/CMakeFiles 1
Building C object CMakeFiles/cmTryCompileExec3942566428.dir/CheckIncludeFile.c.o
/usr/bin/cc   -fsigned-char -W -Wall -Werror=return-type -Werror=non-virtual-dtor -Werror=address -Werror=sequence-point -Wformat -Werror=format-security -Wmissing-declarations -Wmissing-prototypes -Wstrict-prototypes -Wundef -Winit-self -Wpointer-arith -Wshadow -Wno-narrowing -fdiagnostics-show-option -pthread -march=i686 -fomit-frame-pointer -msse -msse2 -mno-avx -msse3 -mno-ssse3 -mno-sse4.1 -mno-sse4.2 -mfpmath=sse -ffunction-sections -fvisibility=hidden  -O3 -DNDEBUG   -o CMakeFiles/cmTryCompileExec3942566428.dir/CheckIncludeFile.c.o   -c /home/bbb/robot/opencv-3.0.0/build/CMakeFiles/CMakeTmp/CheckIncludeFile.c
Linking C executable cmTryCompileExec3942566428
/usr/bin/cmake -E cmake_link_script CMakeFiles/cmTryCompileExec3942566428.dir/link.txt --verbose=1
/usr/bin/cc     -fsigned-char -W -Wall -Werror=return-type -Werror=non-virtual-dtor -Werror=address -Werror=sequence-point -Wformat -Werror=format-security -Wmissing-declarations -Wmissing-prototypes -Wstrict-prototypes -Wundef -Winit-self -Wpointer-arith -Wshadow -Wno-narrowing -fdiagnostics-show-option -pthread -march=i686 -fomit-frame-pointer -msse -msse2 -mno-avx -msse3 -mno-ssse3 -mno-sse4.1 -mno-sse4.2 -mfpmath=sse -ffunction-sections -fvisibility=hidden  -O3 -DNDEBUG    CMakeFiles/cmTryCompileExec3942566428.dir/CheckIncludeFile.c.o  -o cmTryCompileExec3942566428 -rdynamic 
make[1]: Leaving directory `/home/bbb/robot/opencv-3.0.0/build/CMakeFiles/CMakeTmp'


Determining if the include file fcntl.h exists passed with the following output:
Change Dir: /home/bbb/robot/opencv-3.0.0/build/CMakeFiles/CMakeTmp

Run Build Command:/usr/bin/make "cmTryCompileExec942375595/fast"
/usr/bin/make -f CMakeFiles/cmTryCompileExec942375595.dir/build.make CMakeFiles/cmTryCompileExec942375595.dir/build
make[1]: Entering directory `/home/bbb/robot/opencv-3.0.0/build/CMakeFiles/CMakeTmp'
/usr/bin/cmake -E cmake_progress_report /home/bbb/robot/opencv-3.0.0/build/CMakeFiles/CMakeTmp/CMakeFiles 1
Building C object CMakeFiles/cmTryCompileExec942375595.dir/CheckIncludeFile.c.o
/usr/bin/cc   -fsigned-char -W -Wall -Werror=return-type -Werror=non-virtual-dtor -Werror=address -Werror=sequence-point -Wformat -Werror=format-security -Wmissing-declarations -Wmissing-prototypes -Wstrict-prototypes -Wundef -Winit-self -Wpointer-arith -Wshadow -Wno-narrowing -fdiagnostics-show-option -pthread -march=i686 -fomit-frame-pointer -msse -msse2 -mno-avx -msse3 -mno-ssse3 -mno-sse4.1 -mno-sse4.2 -mfpmath=sse -ffunction-sections -fvisibility=hidden  -O3 -DNDEBUG   -o CMakeFiles/cmTryCompileExec942375595.dir/CheckIncludeFile.c.o   -c /home/bbb/robot/opencv-3.0.0/build/CMakeFiles/CMakeTmp/CheckIncludeFile.c
Linking C executable cmTryCompileExec942375595
/usr/bin/cmake -E cmake_link_script CMakeFiles/cmTryCompileExec942375595.dir/link.txt --verbose=1
/usr/bin/cc     -fsigned-char -W -Wall -Werror=return-type -Werror=non-virtual-dtor -Werror=address -Werror=sequence-point -Wformat -Werror=format-security -Wmissing-declarations -Wmissing-prototypes -Wstrict-prototypes -Wundef -Winit-self -Wpointer-arith -Wshadow -Wno-narrowing -fdiagnostics-show-option -pthread -march=i686 -fomit-frame-pointer -msse -msse2 -mno-avx -msse3 -mno-ssse3 -mno-sse4.1 -mno-sse4.2 -mfpmath=sse -ffunction-sections -fvisibility=hidden  -O3 -DNDEBUG    CMakeFiles/cmTryCompileExec942375595.dir/CheckIncludeFile.c.o  -o cmTryCompileExec942375595 -rdynamic 
make[1]: Leaving directory `/home/bbb/robot/opencv-3.0.0/build/CMakeFiles/CMakeTmp'


Determining if the function mmap exists passed with the following output:
Change Dir: /home/bbb/robot/opencv-3.0.0/build/CMakeFiles/CMakeTmp

Run Build Command:/usr/bin/make "cmTryCompileExec2732474330/fast"
/usr/bin/make -f CMakeFiles/cmTryCompileExec2732474330.dir/build.make CMakeFiles/cmTryCompileExec2732474330.dir/build
make[1]: Entering directory `/home/bbb/robot/opencv-3.0.0/build/CMakeFiles/CMakeTmp'
/usr/bin/cmake -E cmake_progress_report /home/bbb/robot/opencv-3.0.0/build/CMakeFiles/CMakeTmp/CMakeFiles 1
Building C object CMakeFiles/cmTryCompileExec2732474330.dir/CheckFunctionExists.c.o
/usr/bin/cc   -fsigned-char -W -Wall -Werror=return-type -Werror=non-virtual-dtor -Werror=address -Werror=sequence-point -Wformat -Werror=format-security -Wmissing-declarations -Wmissing-prototypes -Wstrict-prototypes -Wundef -Winit-self -Wpointer-arith -Wshadow -Wno-narrowing -fdiagnostics-show-option -pthread -march=i686 -fomit-frame-pointer -msse -msse2 -mno-avx -msse3 -mno-ssse3 -mno-sse4.1 -mno-sse4.2 -mfpmath=sse -ffunction-sections -fvisibility=hidden -DCHECK_FUNCTION_EXISTS=mmap -O3 -DNDEBUG   -o CMakeFiles/cmTryCompileExec2732474330.dir/CheckFunctionExists.c.o   -c /usr/share/cmake-2.8/Modules/CheckFunctionExists.c
/usr/share/cmake-2.8/Modules/CheckFunctionExists.c:3:1: warning: function declaration isn’t a prototype [-Wstrict-prototypes]
 char CHECK_FUNCTION_EXISTS();
 ^
Linking C executable cmTryCompileExec2732474330
/usr/bin/cmake -E cmake_link_script CMakeFiles/cmTryCompileExec2732474330.dir/link.txt --verbose=1
/usr/bin/cc     -fsigned-char -W -Wall -Werror=return-type -Werror=non-virtual-dtor -Werror=address -Werror=sequence-point -Wformat -Werror=format-security -Wmissing-declarations -Wmissing-prototypes -Wstrict-prototypes -Wundef -Winit-self -Wpointer-arith -Wshadow -Wno-narrowing -fdiagnostics-show-option -pthread -march=i686 -fomit-frame-pointer -msse -msse2 -mno-avx -msse3 -mno-ssse3 -mno-sse4.1 -mno-sse4.2 -mfpmath=sse -ffunction-sections -fvisibility=hidden -DCHECK_FUNCTION_EXISTS=mmap -O3 -DNDEBUG    CMakeFiles/cmTryCompileExec2732474330.dir/CheckFunctionExists.c.o  -o cmTryCompileExec2732474330 -rdynamic 
make[1]: Leaving directory `/home/bbb/robot/opencv-3.0.0/build/CMakeFiles/CMakeTmp'


Determining if the include file search.h exists passed with the following output:
Change Dir: /home/bbb/robot/opencv-3.0.0/build/CMakeFiles/CMakeTmp

Run Build Command:/usr/bin/make "cmTryCompileExec1158027678/fast"
/usr/bin/make -f CMakeFiles/cmTryCompileExec1158027678.dir/build.make CMakeFiles/cmTryCompileExec1158027678.dir/build
make[1]: Entering directory `/home/bbb/robot/opencv-3.0.0/build/CMakeFiles/CMakeTmp'
/usr/bin/cmake -E cmake_progress_report /home/bbb/robot/opencv-3.0.0/build/CMakeFiles/CMakeTmp/CMakeFiles 1
Building C object CMakeFiles/cmTryCompileExec1158027678.dir/CheckIncludeFile.c.o
/usr/bin/cc   -fsigned-char -W -Wall -Werror=return-type -Werror=non-virtual-dtor -Werror=address -Werror=sequence-point -Wformat -Werror=format-security -Wmissing-declarations -Wmissing-prototypes -Wstrict-prototypes -Wundef -Winit-self -Wpointer-arith -Wshadow -Wno-narrowing -fdiagnostics-show-option -pthread -march=i686 -fomit-frame-pointer -msse -msse2 -mno-avx -msse3 -mno-ssse3 -mno-sse4.1 -mno-sse4.2 -mfpmath=sse -ffunction-sections -fvisibility=hidden  -O3 -DNDEBUG   -o CMakeFiles/cmTryCompileExec1158027678.dir/CheckIncludeFile.c.o   -c /home/bbb/robot/opencv-3.0.0/build/CMakeFiles/CMakeTmp/CheckIncludeFile.c
Linking C executable cmTryCompileExec1158027678
/usr/bin/cmake -E cmake_link_script CMakeFiles/cmTryCompileExec1158027678.dir/link.txt --verbose=1
/usr/bin/cc     -fsigned-char -W -Wall -Werror=return-type -Werror=non-virtual-dtor -Werror=address -Werror=sequence-point -Wformat -Werror=format-security -Wmissing-declarations -Wmissing-prototypes -Wstrict-prototypes -Wundef -Winit-self -Wpointer-arith -Wshadow -Wno-narrowing -fdiagnostics-show-option -pthread -march=i686 -fomit-frame-pointer -msse -msse2 -mno-avx -msse3 -mno-ssse3 -mno-sse4.1 -mno-sse4.2 -mfpmath=sse -ffunction-sections -fvisibility=hidden  -O3 -DNDEBUG    CMakeFiles/cmTryCompileExec1158027678.dir/CheckIncludeFile.c.o  -o cmTryCompileExec1158027678 -rdynamic 
make[1]: Leaving directory `/home/bbb/robot/opencv-3.0.0/build/CMakeFiles/CMakeTmp'


Determining if the include file string.h exists passed with the following output:
Change Dir: /home/bbb/robot/opencv-3.0.0/build/CMakeFiles/CMakeTmp

Run Build Command:/usr/bin/make "cmTryCompileExec1608602442/fast"
/usr/bin/make -f CMakeFiles/cmTryCompileExec1608602442.dir/build.make CMakeFiles/cmTryCompileExec1608602442.dir/build
make[1]: Entering directory `/home/bbb/robot/opencv-3.0.0/build/CMakeFiles/CMakeTmp'
/usr/bin/cmake -E cmake_progress_report /home/bbb/robot/opencv-3.0.0/build/CMakeFiles/CMakeTmp/CMakeFiles 1
Building C object CMakeFiles/cmTryCompileExec1608602442.dir/CheckIncludeFile.c.o
/usr/bin/cc   -fsigned-char -W -Wall -Werror=return-type -Werror=non-virtual-dtor -Werror=address -Werror=sequence-point -Wformat -Werror=format-security -Wmissing-declarations -Wmissing-prototypes -Wstrict-prototypes -Wundef -Winit-self -Wpointer-arith -Wshadow -Wno-narrowing -fdiagnostics-show-option -pthread -march=i686 -fomit-frame-pointer -msse -msse2 -mno-avx -msse3 -mno-ssse3 -mno-sse4.1 -mno-sse4.2 -mfpmath=sse -ffunction-sections -fvisibility=hidden  -O3 -DNDEBUG   -o CMakeFiles/cmTryCompileExec1608602442.dir/CheckIncludeFile.c.o   -c /home/bbb/robot/opencv-3.0.0/build/CMakeFiles/CMakeTmp/CheckIncludeFile.c
Linking C executable cmTryCompileExec1608602442
/usr/bin/cmake -E cmake_link_script CMakeFiles/cmTryCompileExec1608602442.dir/link.txt --verbose=1
/usr/bin/cc     -fsigned-char -W -Wall -Werror=return-type -Werror=non-virtual-dtor -Werror=address -Werror=sequence-point -Wformat -Werror=format-security -Wmissing-declarations -Wmissing-prototypes -Wstrict-prototypes -Wundef -Winit-self -Wpointer-arith -Wshadow -Wno-narrowing -fdiagnostics-show-option -pthread -march=i686 -fomit-frame-pointer -msse -msse2 -mno-avx -msse3 -mno-ssse3 -mno-sse4.1 -mno-sse4.2 -mfpmath=sse -ffunction-sections -fvisibility=hidden  -O3 -DNDEBUG    CMakeFiles/cmTryCompileExec1608602442.dir/CheckIncludeFile.c.o  -o cmTryCompileExec1608602442 -rdynamic 
make[1]: Leaving directory `/home/bbb/robot/opencv-3.0.0/build/CMakeFiles/CMakeTmp'


Determining if the include file unistd.h exists passed with the following output:
Change Dir: /home/bbb/robot/opencv-3.0.0/build/CMakeFiles/CMakeTmp

Run Build Command:/usr/bin/make "cmTryCompileExec4272344647/fast"
/usr/bin/make -f CMakeFiles/cmTryCompileExec4272344647.dir/build.make CMakeFiles/cmTryCompileExec4272344647.dir/build
make[1]: Entering directory `/home/bbb/robot/opencv-3.0.0/build/CMakeFiles/CMakeTmp'
/usr/bin/cmake -E cmake_progress_report /home/bbb/robot/opencv-3.0.0/build/CMakeFiles/CMakeTmp/CMakeFiles 1
Building C object CMakeFiles/cmTryCompileExec4272344647.dir/CheckIncludeFile.c.o
/usr/bin/cc   -fsigned-char -W -Wall -Werror=return-type -Werror=non-virtual-dtor -Werror=address -Werror=sequence-point -Wformat -Werror=format-security -Wmissing-declarations -Wmissing-prototypes -Wstrict-prototypes -Wundef -Winit-self -Wpointer-arith -Wshadow -Wno-narrowing -fdiagnostics-show-option -pthread -march=i686 -fomit-frame-pointer -msse -msse2 -mno-avx -msse3 -mno-ssse3 -mno-sse4.1 -mno-sse4.2 -mfpmath=sse -ffunction-sections -fvisibility=hidden  -O3 -DNDEBUG   -o CMakeFiles/cmTryCompileExec4272344647.dir/CheckIncludeFile.c.o   -c /home/bbb/robot/opencv-3.0.0/build/CMakeFiles/CMakeTmp/CheckIncludeFile.c
Linking C executable cmTryCompileExec4272344647
/usr/bin/cmake -E cmake_link_script CMakeFiles/cmTryCompileExec4272344647.dir/link.txt --verbose=1
/usr/bin/cc     -fsigned-char -W -Wall -Werror=return-type -Werror=non-virtual-dtor -Werror=address -Werror=sequence-point -Wformat -Werror=format-security -Wmissing-declarations -Wmissing-prototypes -Wstrict-prototypes -Wundef -Winit-self -Wpointer-arith -Wshadow -Wno-narrowing -fdiagnostics-show-option -pthread -march=i686 -fomit-frame-pointer -msse -msse2 -mno-avx -msse3 -mno-ssse3 -mno-sse4.1 -mno-sse4.2 -mfpmath=sse -ffunction-sections -fvisibility=hidden  -O3 -DNDEBUG    CMakeFiles/cmTryCompileExec4272344647.dir/CheckIncludeFile.c.o  -o cmTryCompileExec4272344647 -rdynamic 
make[1]: Leaving directory `/home/bbb/robot/opencv-3.0.0/build/CMakeFiles/CMakeTmp'


Determining if the include file /usr/include/libpng/png.h exists passed with the following output:
Change Dir: /home/bbb/robot/opencv-3.0.0/build/CMakeFiles/CMakeTmp

Run Build Command:/usr/bin/make "cmTryCompileExec3755848076/fast"
/usr/bin/make -f CMakeFiles/cmTryCompileExec3755848076.dir/build.make CMakeFiles/cmTryCompileExec3755848076.dir/build
make[1]: Entering directory `/home/bbb/robot/opencv-3.0.0/build/CMakeFiles/CMakeTmp'
/usr/bin/cmake -E cmake_progress_report /home/bbb/robot/opencv-3.0.0/build/CMakeFiles/CMakeTmp/CMakeFiles 1
Building C object CMakeFiles/cmTryCompileExec3755848076.dir/CheckIncludeFile.c.o
/usr/bin/cc   -fsigned-char -W -Wall -Werror=return-type -Werror=non-virtual-dtor -Werror=address -Werror=sequence-point -Wformat -Werror=format-security -Wmissing-declarations -Wmissing-prototypes -Wstrict-prototypes -Wundef -Winit-self -Wpointer-arith -Wshadow -Wno-narrowing -fdiagnostics-show-option -pthread -march=i686 -fomit-frame-pointer -msse -msse2 -mno-avx -msse3 -mno-ssse3 -mno-sse4.1 -mno-sse4.2 -mfpmath=sse -ffunction-sections -fvisibility=hidden  -O3 -DNDEBUG   -o CMakeFiles/cmTryCompileExec3755848076.dir/CheckIncludeFile.c.o   -c /home/bbb/robot/opencv-3.0.0/build/CMakeFiles/CMakeTmp/CheckIncludeFile.c
Linking C executable cmTryCompileExec3755848076
/usr/bin/cmake -E cmake_link_script CMakeFiles/cmTryCompileExec3755848076.dir/link.txt --verbose=1
/usr/bin/cc     -fsigned-char -W -Wall -Werror=return-type -Werror=non-virtual-dtor -Werror=address -Werror=sequence-point -Wformat -Werror=format-security -Wmissing-declarations -Wmissing-prototypes -Wstrict-prototypes -Wundef -Winit-self -Wpointer-arith -Wshadow -Wno-narrowing -fdiagnostics-show-option -pthread -march=i686 -fomit-frame-pointer -msse -msse2 -mno-avx -msse3 -mno-ssse3 -mno-sse4.1 -mno-sse4.2 -mfpmath=sse -ffunction-sections -fvisibility=hidden  -O3 -DNDEBUG    CMakeFiles/cmTryCompileExec3755848076.dir/CheckIncludeFile.c.o  -o cmTryCompileExec3755848076 -rdynamic 
make[1]: Leaving directory `/home/bbb/robot/opencv-3.0.0/build/CMakeFiles/CMakeTmp'


Determining if the include file semaphore.h exists passed with the following output:
Change Dir: /home/bbb/robot/opencv-3.0.0/build/CMakeFiles/CMakeTmp

Run Build Command:/usr/bin/make "cmTryCompileExec1514453984/fast"
/usr/bin/make -f CMakeFiles/cmTryCompileExec1514453984.dir/build.make CMakeFiles/cmTryCompileExec1514453984.dir/build
make[1]: Entering directory `/home/bbb/robot/opencv-3.0.0/build/CMakeFiles/CMakeTmp'
/usr/bin/cmake -E cmake_progress_report /home/bbb/robot/opencv-3.0.0/build/CMakeFiles/CMakeTmp/CMakeFiles 1
Building C object CMakeFiles/cmTryCompileExec1514453984.dir/CheckIncludeFile.c.o
/usr/bin/cc   -fsigned-char -W -Wall -Werror=return-type -Werror=non-virtual-dtor -Werror=address -Werror=sequence-point -Wformat -Werror=format-security -Wmissing-declarations -Wmissing-prototypes -Wstrict-prototypes -Wundef -Winit-self -Wpointer-arith -Wshadow -Wno-narrowing -fdiagnostics-show-option -pthread -march=i686 -fomit-frame-pointer -msse -msse2 -mno-avx -msse3 -mno-ssse3 -mno-sse4.1 -mno-sse4.2 -mfpmath=sse -ffunction-sections -fvisibility=hidden  -O3 -DNDEBUG   -o CMakeFiles/cmTryCompileExec1514453984.dir/CheckIncludeFile.c.o   -c /home/bbb/robot/opencv-3.0.0/build/CMakeFiles/CMakeTmp/CheckIncludeFile.c
Linking C executable cmTryCompileExec1514453984
/usr/bin/cmake -E cmake_link_script CMakeFiles/cmTryCompileExec1514453984.dir/link.txt --verbose=1
/usr/bin/cc     -fsigned-char -W -Wall -Werror=return-type -Werror=non-virtual-dtor -Werror=address -Werror=sequence-point -Wformat -Werror=format-security -Wmissing-declarations -Wmissing-prototypes -Wstrict-prototypes -Wundef -Winit-self -Wpointer-arith -Wshadow -Wno-narrowing -fdiagnostics-show-option -pthread -march=i686 -fomit-frame-pointer -msse -msse2 -mno-avx -msse3 -mno-ssse3 -mno-sse4.1 -mno-sse4.2 -mfpmath=sse -ffunction-sections -fvisibility=hidden  -O3 -DNDEBUG    CMakeFiles/cmTryCompileExec1514453984.dir/CheckIncludeFile.c.o  -o cmTryCompileExec1514453984 -rdynamic 
make[1]: Leaving directory `/home/bbb/robot/opencv-3.0.0/build/CMakeFiles/CMakeTmp'


Determining if the include file linux/videodev2.h exists passed with the following output:
Change Dir: /home/bbb/robot/opencv-3.0.0/build/CMakeFiles/CMakeTmp

Run Build Command:/usr/bin/make "cmTryCompileExec244119157/fast"
/usr/bin/make -f CMakeFiles/cmTryCompileExec244119157.dir/build.make CMakeFiles/cmTryCompileExec244119157.dir/build
make[1]: Entering directory `/home/bbb/robot/opencv-3.0.0/build/CMakeFiles/CMakeTmp'
/usr/bin/cmake -E cmake_progress_report /home/bbb/robot/opencv-3.0.0/build/CMakeFiles/CMakeTmp/CMakeFiles 1
Building C object CMakeFiles/cmTryCompileExec244119157.dir/CheckIncludeFile.c.o
/usr/bin/cc   -fsigned-char -W -Wall -Werror=return-type -Werror=non-virtual-dtor -Werror=address -Werror=sequence-point -Wformat -Werror=format-security -Wmissing-declarations -Wmissing-prototypes -Wstrict-prototypes -Wundef -Winit-self -Wpointer-arith -Wshadow -Wno-narrowing -fdiagnostics-show-option -pthread -march=i686 -fomit-frame-pointer -msse -msse2 -mno-avx -msse3 -mno-ssse3 -mno-sse4.1 -mno-sse4.2 -mfpmath=sse -ffunction-sections -fvisibility=hidden  -O3 -DNDEBUG   -o CMakeFiles/cmTryCompileExec244119157.dir/CheckIncludeFile.c.o   -c /home/bbb/robot/opencv-3.0.0/build/CMakeFiles/CMakeTmp/CheckIncludeFile.c
Linking C executable cmTryCompileExec244119157
/usr/bin/cmake -E cmake_link_script CMakeFiles/cmTryCompileExec244119157.dir/link.txt --verbose=1
/usr/bin/cc     -fsigned-char -W -Wall -Werror=return-type -Werror=non-virtual-dtor -Werror=address -Werror=sequence-point -Wformat -Werror=format-security -Wmissing-declarations -Wmissing-prototypes -Wstrict-prototypes -Wundef -Winit-self -Wpointer-arith -Wshadow -Wno-narrowing -fdiagnostics-show-option -pthread -march=i686 -fomit-frame-pointer -msse -msse2 -mno-avx -msse3 -mno-ssse3 -mno-sse4.1 -mno-sse4.2 -mfpmath=sse -ffunction-sections -fvisibility=hidden  -O3 -DNDEBUG    CMakeFiles/cmTryCompileExec244119157.dir/CheckIncludeFile.c.o  -o cmTryCompileExec244119157 -rdynamic 
make[1]: Leaving directory `/home/bbb/robot/opencv-3.0.0/build/CMakeFiles/CMakeTmp'


